c:\users\dnfki\desktop\strawberryc\kmdf_sockets\x64\release\vc143.pdb
c:\users\dnfki\desktop\strawberryc\kmdf_sockets\x64\release\ksocket.obj
c:\users\dnfki\desktop\strawberryc\kmdf_sockets\x64\release\berkeley.obj
c:\users\dnfki\desktop\strawberryc\kmdf_sockets\x64\release\server.obj
c:\users\dnfki\desktop\strawberryc\kmdf_sockets\x64\release\packet_handler.obj
c:\users\dnfki\desktop\strawberryc\kmdf_sockets\x64\release\main.obj
c:\users\dnfki\desktop\strawberryc\x64\release\kmdf\kmdf.cat
c:\users\dnfki\desktop\strawberryc\x64\release\kmdf.sys
c:\users\dnfki\desktop\strawberryc\x64\release\kmdf.pdb
c:\users\dnfki\desktop\strawberryc\kmdf_sockets\x64\release\kmdf.inf
c:\users\dnfki\desktop\strawberryc\x64\release\kmdf.cer
c:\users\dnfki\desktop\strawberryc\x64\release\kmdf.inf
c:\users\dnfki\desktop\strawberryc\kmdf_sockets\x64\release\kmdf.tlog\cl.command.1.tlog
c:\users\dnfki\desktop\strawberryc\kmdf_sockets\x64\release\kmdf.tlog\cl.items.tlog
c:\users\dnfki\desktop\strawberryc\kmdf_sockets\x64\release\kmdf.tlog\cl.read.1.tlog
c:\users\dnfki\desktop\strawberryc\kmdf_sockets\x64\release\kmdf.tlog\cl.write.1.tlog
c:\users\dnfki\desktop\strawberryc\kmdf_sockets\x64\release\kmdf.tlog\inf2cat-expand.10656.read.1.tlog
c:\users\dnfki\desktop\strawberryc\kmdf_sockets\x64\release\kmdf.tlog\inf2cat-expand.10656.write.1.tlog
c:\users\dnfki\desktop\strawberryc\kmdf_sockets\x64\release\kmdf.tlog\inf2cat-expand.10900.read.1.tlog
c:\users\dnfki\desktop\strawberryc\kmdf_sockets\x64\release\kmdf.tlog\inf2cat-expand.10900.write.1.tlog
c:\users\dnfki\desktop\strawberryc\kmdf_sockets\x64\release\kmdf.tlog\inf2cat-expand.12024.read.1.tlog
c:\users\dnfki\desktop\strawberryc\kmdf_sockets\x64\release\kmdf.tlog\inf2cat-expand.12024.write.1.tlog
c:\users\dnfki\desktop\strawberryc\kmdf_sockets\x64\release\kmdf.tlog\inf2cat-expand.12068.read.1.tlog
c:\users\dnfki\desktop\strawberryc\kmdf_sockets\x64\release\kmdf.tlog\inf2cat-expand.12068.write.1.tlog
c:\users\dnfki\desktop\strawberryc\kmdf_sockets\x64\release\kmdf.tlog\inf2cat-expand.12484.read.1.tlog
c:\users\dnfki\desktop\strawberryc\kmdf_sockets\x64\release\kmdf.tlog\inf2cat-expand.12484.write.1.tlog
c:\users\dnfki\desktop\strawberryc\kmdf_sockets\x64\release\kmdf.tlog\inf2cat-expand.16816.read.1.tlog
c:\users\dnfki\desktop\strawberryc\kmdf_sockets\x64\release\kmdf.tlog\inf2cat-expand.16816.write.1.tlog
c:\users\dnfki\desktop\strawberryc\kmdf_sockets\x64\release\kmdf.tlog\inf2cat-expand.17296.read.1.tlog
c:\users\dnfki\desktop\strawberryc\kmdf_sockets\x64\release\kmdf.tlog\inf2cat-expand.17296.write.1.tlog
c:\users\dnfki\desktop\strawberryc\kmdf_sockets\x64\release\kmdf.tlog\inf2cat-expand.18532.read.1.tlog
c:\users\dnfki\desktop\strawberryc\kmdf_sockets\x64\release\kmdf.tlog\inf2cat-expand.18532.write.1.tlog
c:\users\dnfki\desktop\strawberryc\kmdf_sockets\x64\release\kmdf.tlog\inf2cat-expand.19024.read.1.tlog
c:\users\dnfki\desktop\strawberryc\kmdf_sockets\x64\release\kmdf.tlog\inf2cat-expand.19024.write.1.tlog
c:\users\dnfki\desktop\strawberryc\kmdf_sockets\x64\release\kmdf.tlog\inf2cat-expand.19796.read.1.tlog
c:\users\dnfki\desktop\strawberryc\kmdf_sockets\x64\release\kmdf.tlog\inf2cat-expand.19796.write.1.tlog
c:\users\dnfki\desktop\strawberryc\kmdf_sockets\x64\release\kmdf.tlog\inf2cat-expand.20556.read.1.tlog
c:\users\dnfki\desktop\strawberryc\kmdf_sockets\x64\release\kmdf.tlog\inf2cat-expand.20556.write.1.tlog
c:\users\dnfki\desktop\strawberryc\kmdf_sockets\x64\release\kmdf.tlog\inf2cat-expand.21168.read.1.tlog
c:\users\dnfki\desktop\strawberryc\kmdf_sockets\x64\release\kmdf.tlog\inf2cat-expand.21168.write.1.tlog
c:\users\dnfki\desktop\strawberryc\kmdf_sockets\x64\release\kmdf.tlog\inf2cat-expand.21172.read.1.tlog
c:\users\dnfki\desktop\strawberryc\kmdf_sockets\x64\release\kmdf.tlog\inf2cat-expand.21172.write.1.tlog
c:\users\dnfki\desktop\strawberryc\kmdf_sockets\x64\release\kmdf.tlog\inf2cat-expand.21656.read.1.tlog
c:\users\dnfki\desktop\strawberryc\kmdf_sockets\x64\release\kmdf.tlog\inf2cat-expand.21656.write.1.tlog
c:\users\dnfki\desktop\strawberryc\kmdf_sockets\x64\release\kmdf.tlog\inf2cat-expand.22352.read.1.tlog
c:\users\dnfki\desktop\strawberryc\kmdf_sockets\x64\release\kmdf.tlog\inf2cat-expand.22352.write.1.tlog
c:\users\dnfki\desktop\strawberryc\kmdf_sockets\x64\release\kmdf.tlog\inf2cat-expand.23944.read.1.tlog
c:\users\dnfki\desktop\strawberryc\kmdf_sockets\x64\release\kmdf.tlog\inf2cat-expand.23944.write.1.tlog
c:\users\dnfki\desktop\strawberryc\kmdf_sockets\x64\release\kmdf.tlog\inf2cat-expand.24024.read.1.tlog
c:\users\dnfki\desktop\strawberryc\kmdf_sockets\x64\release\kmdf.tlog\inf2cat-expand.24024.write.1.tlog
c:\users\dnfki\desktop\strawberryc\kmdf_sockets\x64\release\kmdf.tlog\inf2cat-expand.2768.read.1.tlog
c:\users\dnfki\desktop\strawberryc\kmdf_sockets\x64\release\kmdf.tlog\inf2cat-expand.2768.write.1.tlog
c:\users\dnfki\desktop\strawberryc\kmdf_sockets\x64\release\kmdf.tlog\inf2cat-expand.9960.read.1.tlog
c:\users\dnfki\desktop\strawberryc\kmdf_sockets\x64\release\kmdf.tlog\inf2cat-expand.9960.write.1.tlog
c:\users\dnfki\desktop\strawberryc\kmdf_sockets\x64\release\kmdf.tlog\inf2cat-expand.read.1.tlog
c:\users\dnfki\desktop\strawberryc\kmdf_sockets\x64\release\kmdf.tlog\inf2cat-expand.write.1.tlog
c:\users\dnfki\desktop\strawberryc\kmdf_sockets\x64\release\kmdf.tlog\inf2cat.command.1.tlog
c:\users\dnfki\desktop\strawberryc\kmdf_sockets\x64\release\kmdf.tlog\inf2cat.read.1.tlog
c:\users\dnfki\desktop\strawberryc\kmdf_sockets\x64\release\kmdf.tlog\inf2cat.write.1.tlog
c:\users\dnfki\desktop\strawberryc\kmdf_sockets\x64\release\kmdf.tlog\link.command.1.tlog
c:\users\dnfki\desktop\strawberryc\kmdf_sockets\x64\release\kmdf.tlog\link.read.1.tlog
c:\users\dnfki\desktop\strawberryc\kmdf_sockets\x64\release\kmdf.tlog\link.secondary.1.tlog
c:\users\dnfki\desktop\strawberryc\kmdf_sockets\x64\release\kmdf.tlog\link.write.1.tlog
c:\users\dnfki\desktop\strawberryc\kmdf_sockets\x64\release\kmdf.tlog\signtool.command.1.tlog
c:\users\dnfki\desktop\strawberryc\kmdf_sockets\x64\release\kmdf.tlog\signtool.read.1.tlog
c:\users\dnfki\desktop\strawberryc\kmdf_sockets\x64\release\kmdf.tlog\signtool.timestamp.1.tlog
c:\users\dnfki\desktop\strawberryc\kmdf_sockets\x64\release\kmdf.tlog\signtool.write.1.tlog
c:\users\dnfki\desktop\strawberryc\kmdf_sockets\x64\release\kmdf.tlog\stampinf.command.1.tlog
c:\users\dnfki\desktop\strawberryc\kmdf_sockets\x64\release\kmdf.tlog\stampinf.read.1.tlog
c:\users\dnfki\desktop\strawberryc\kmdf_sockets\x64\release\kmdf.tlog\stampinf.write.1.tlog
